


ARM Macro Assembler    Page 1 


    1 00000000         ; ------------------------------------------------------
                       -------------------------
    2 00000000                 THUMB                        ; Instruções do tip
                                                            o Thumb-2
    3 00000000         ; ------------------------------------------------------
                       -------------------------
    4 00000000         ; Declarações EQU - Defines
    5 00000000         ; ========================
    6 00000000         ; ========================
    7 00000000         ; Definições dos Registradores Gerais
    8 00000000 400FE608 
                       SYSCTL_RCGCGPIO_R
                               EQU              0x400FE608
    9 00000000 400FEA08 
                       SYSCTL_PRGPIO_R
                               EQU              0x400FEA08
   10 00000000         ; ========================
   11 00000000         ; Definições dos Ports
   12 00000000         ; PORT Q          
   13 00000000 40066520 
                       GPIO_PORTQ_AHB_LOCK_R
                               EQU              0x40066520
   14 00000000 40066524 
                       GPIO_PORTQ_AHB_CR_R
                               EQU              0x40066524
   15 00000000 40066528 
                       GPIO_PORTQ_AHB_AMSEL_R
                               EQU              0x40066528
   16 00000000 4006652C 
                       GPIO_PORTQ_AHB_PCTL_R
                               EQU              0x4006652C
   17 00000000 40066400 
                       GPIO_PORTQ_AHB_DIR_R
                               EQU              0x40066400
   18 00000000 40066420 
                       GPIO_PORTQ_AHB_AFSEL_R
                               EQU              0x40066420
   19 00000000 4006651C 
                       GPIO_PORTQ_AHB_DEN_R
                               EQU              0x4006651C
   20 00000000 40066510 
                       GPIO_PORTQ_AHB_PUR_R
                               EQU              0x40066510
   21 00000000 400663FC 
                       GPIO_PORTQ_AHB_DATA_R
                               EQU              0x400663FC
   22 00000000 00004000 
                       GPIO_PORTQ
                               EQU              2_100000000000000
   23 00000000         ; PORT A
   24 00000000 40058520 
                       GPIO_PORTA_AHB_LOCK_R
                               EQU              0x40058520
   25 00000000 40058524 
                       GPIO_PORTA_AHB_CR_R
                               EQU              0x40058524
   26 00000000 40058528 
                       GPIO_PORTA_AHB_AMSEL_R
                               EQU              0x40058528



ARM Macro Assembler    Page 2 


   27 00000000 4005852C 
                       GPIO_PORTA_AHB_PCTL_R
                               EQU              0x4005852C
   28 00000000 40058400 
                       GPIO_PORTA_AHB_DIR_R
                               EQU              0x40058400
   29 00000000 40058420 
                       GPIO_PORTA_AHB_AFSEL_R
                               EQU              0x40058420
   30 00000000 4005851C 
                       GPIO_PORTA_AHB_DEN_R
                               EQU              0x4005851C
   31 00000000 40058510 
                       GPIO_PORTA_AHB_PUR_R
                               EQU              0x40058510
   32 00000000 400583FC 
                       GPIO_PORTA_AHB_DATA_R
                               EQU              0x400583FC
   33 00000000 00000001 
                       GPIO_PORTA
                               EQU              2_000000000000001
   34 00000000         ; PORT B
   35 00000000 40059520 
                       GPIO_PORTB_AHB_LOCK_R
                               EQU              0x40059520
   36 00000000 40059524 
                       GPIO_PORTB_AHB_CR_R
                               EQU              0x40059524
   37 00000000 40059528 
                       GPIO_PORTB_AHB_AMSEL_R
                               EQU              0x40059528
   38 00000000 4005952C 
                       GPIO_PORTB_AHB_PCTL_R
                               EQU              0x4005952C
   39 00000000 40059400 
                       GPIO_PORTB_AHB_DIR_R
                               EQU              0x40059400
   40 00000000 40059420 
                       GPIO_PORTB_AHB_AFSEL_R
                               EQU              0x40059420
   41 00000000 4005951C 
                       GPIO_PORTB_AHB_DEN_R
                               EQU              0x4005951C
   42 00000000 40059510 
                       GPIO_PORTB_AHB_PUR_R
                               EQU              0x40059510
   43 00000000 400593FC 
                       GPIO_PORTB_AHB_DATA_R
                               EQU              0x400593FC
   44 00000000 00000002 
                       GPIO_PORTB
                               EQU              2_000000000000010
   45 00000000         ; PORT P
   46 00000000 40065520 
                       GPIO_PORTP_AHB_LOCK_R
                               EQU              0x40065520
   47 00000000 40065524 
                       GPIO_PORTP_AHB_CR_R
                               EQU              0x40065524



ARM Macro Assembler    Page 3 


   48 00000000 40065528 
                       GPIO_PORTP_AHB_AMSEL_R
                               EQU              0x40065528
   49 00000000 4006552C 
                       GPIO_PORTP_AHB_PCTL_R
                               EQU              0x4006552C
   50 00000000 40065400 
                       GPIO_PORTP_AHB_DIR_R
                               EQU              0x40065400
   51 00000000 40065420 
                       GPIO_PORTP_AHB_AFSEL_R
                               EQU              0x40065420
   52 00000000 4006551C 
                       GPIO_PORTP_AHB_DEN_R
                               EQU              0x4006551C
   53 00000000 40065510 
                       GPIO_PORTP_AHB_PUR_R
                               EQU              0x40065510
   54 00000000 400653FC 
                       GPIO_PORTP_AHB_DATA_R
                               EQU              0x400653FC
   55 00000000 00002000 
                       GPIO_PORTP
                               EQU              2_010000000000000
   56 00000000         ; PORT J
   57 00000000 40060520 
                       GPIO_PORTJ_AHB_LOCK_R
                               EQU              0x40060520
   58 00000000 40060524 
                       GPIO_PORTJ_AHB_CR_R
                               EQU              0x40060524
   59 00000000 40060528 
                       GPIO_PORTJ_AHB_AMSEL_R
                               EQU              0x40060528
   60 00000000 4006052C 
                       GPIO_PORTJ_AHB_PCTL_R
                               EQU              0x4006052C
   61 00000000 40060400 
                       GPIO_PORTJ_AHB_DIR_R
                               EQU              0x40060400
   62 00000000 40060420 
                       GPIO_PORTJ_AHB_AFSEL_R
                               EQU              0x40060420
   63 00000000 4006051C 
                       GPIO_PORTJ_AHB_DEN_R
                               EQU              0x4006051C
   64 00000000 40060510 
                       GPIO_PORTJ_AHB_PUR_R
                               EQU              0x40060510
   65 00000000 400603FC 
                       GPIO_PORTJ_AHB_DATA_R
                               EQU              0x400603FC
   66 00000000 00000100 
                       GPIO_PORTJ
                               EQU              2_000000100000000
   67 00000000         
   68 00000000         ; Tabela binario para display de 7 segmentos
   69 00000000         ;  O display eh conectado por dois ports, o primeiro eh 
                       o Port Q



ARM Macro Assembler    Page 4 


   70 00000000         ;  O segundo eh o Port A, portanto precisamos de 2 NIBBL
                       ES para cada digito
   71 00000000         ;  Portando os 8 bits sao separados em 2 nibbles, um par
                       a cada Registrador Data do respectivo Port
   72 00000000         ;  NIBBLE1 refere-se ao Port Q
   73 00000000         ;  NIBBLE2 refere-se ao Port A
   74 00000000         ;*******************************************************
                       ***
   75 00000000         ; Para modificar apenas 4 bits precisamos fazer uma masc
                       ara com 0000 nos bits do registrador que queremos modifi
                       car
   76 00000000         ; e 0 no nosso NIBBLE , assim fazemos uma operacao OR en
                       tre o NIBBLE e o registrador, nao afetando outros bits.
   77 00000000         ; ****************************************
   78 00000000         ; Decodificacao binario para display de 7 segmentos
   79 00000000         ; 
   80 00000000         ; ****************************************
   81 00000000         ;    GPIO do mcu    Pino do display   LEDS DA PLACA DE T
                       ESTES
   82 00000000         ;    PQ0     ---    a       LED 8
   83 00000000         ;    PQ1     ---    b       LED 7
   84 00000000         ;    PQ2     ---    c        LED 6
   85 00000000         ;    PQ3       ---    d       LED 5 
   86 00000000         ;    PA4     ---    e       LED 4
   87 00000000         ;    PA5     ---    f       LED 3
   88 00000000         ;    PA6       ---    g       LED 2
   89 00000000         ;    PA7     ---    PONTO      LED 1
   90 00000000         ; PB4 Ativa o display 1 
   91 00000000         ; PB5 Ativa o display 2
   92 00000000         ; PM6 Ativa os LEDS da placa
   93 00000000         ;*****************************************
   94 00000000         ; 2_00111111 0
   95 00000000         ; 2_00000110 1
   96 00000000         ; 2_01011011 2
   97 00000000         ; 2_01001111 3
   98 00000000         ; 2_01100110 4
   99 00000000         ; 2_01101101 5
  100 00000000         ; 2_01111101 6
  101 00000000         ; 2_00000111 7
  102 00000000         ; 2_01111111 8
  103 00000000         ; 2_01101111 9
  104 00000000         ; ------------------------------------------------------
                       -------------------------
  105 00000000         ; Área de Código - Tudo abaixo da diretiva a seguir será
                        armazenado na memória de 
  106 00000000         ;                  código
  107 00000000                 AREA             |.text|, CODE, READONLY, ALIGN=
2
  108 00000000         
  109 00000000         ; Se alguma função do arquivo for chamada em outro arqui
                       vo 
  110 00000000                 EXPORT           GPIO_Init   ; Permite chamar GP
                                                            IO_Init de outro ar
                                                            quivo
  111 00000000                 EXPORT           PortN_Output ; Permite chamar P
                                                            ortN_Output de outr
                                                            o arquivo
  112 00000000                 EXPORT           PortJ_Input ; Permite chamar Po
                                                            rtJ_Input de outro 



ARM Macro Assembler    Page 5 


                                                            arquivo
  113 00000000                 EXPORT           AtivarDesativar_Display ; Acion
                                                            a os displays ou os
                                                             desativa com base 
                                                            em R0     
  114 00000000                 EXPORT           AtivarDesativar_Leds ; Aciona o
                                                            s LEDs ou os desati
                                                            va com base em R0
  115 00000000                 EXPORT           Leds_out
  116 00000000         ;-------------------------------------------------------
                       -------------------------
  117 00000000         ; Função GPIO_Init
  118 00000000         ; Parâmetro de entrada: Não tem
  119 00000000         ; Parâmetro de saída: Não tem
  120 00000000         GPIO_Init
  121 00000000         ;=====================
  122 00000000         ; ****************************************
  123 00000000         ; Escrever função de inicialização dos GPIO
  124 00000000         ; Eh necessario configurar os Ports Q,A,B e P
  125 00000000         ; Saidas   =  Q0 Q1 Q2 Q3 A4 A5 A6 A7 B4 B5 P6
  126 00000000         ; Entradas =  J0 J1
  127 00000000         ; OBS.: -> PINO K3 com o pad danificado da PAT
  128 00000000         ; ****************************************
  129 00000000         
  130 00000000 4875            LDR              R0,=SYSCTL_RCGCGPIO_R ;;Pegando
                                                             o endereço do regi
                                                            strador do clock
  131 00000002 6801            LDR              R1,[R0]
  132 00000004 F44F 4180       MOV              R1, #GPIO_PORTQ ;Seta o bit da 
                                                            porta Q
  133 00000008 F041 0101       ORR              R1, #GPIO_PORTA ;Seta o bit da 
                                                            porta A, fazendo co
                                                            m OR
  134 0000000C F041 0102       ORR              R1, #GPIO_PORTB ;Seta o bit da 
                                                            porta B, fazendo co
                                                            m OR
  135 00000010 F441 5100       ORR              R1, #GPIO_PORTP ;Seta o bit da 
                                                            porta P, fazendo co
                                                            m OR
  136 00000014 F441 7180       ORR              R1, #GPIO_PORTJ ;Seta o bit da 
                                                            porta J, fazendo co
                                                            m OR
  137 00000018 6001            STR              R1, [R0]    ;Move para a memóri
                                                            a os bits das porta
                                                            s no endereço do RC
                                                            GCGPIO
  138 0000001A         
  139 0000001A 4870            LDR              R0, =SYSCTL_PRGPIO_R ;Carrega o
                                                             endereço do PRGPIO
                                                             para esperar os GP
                                                            IO ficarem prontos
  140 0000001C         EsperaGPIO
  141 0000001C 6801            LDR              R1, [R0]    ;Lê da memória o co
                                                            nteúdo do endereço 
                                                            do registrador
  142 0000001E F44F 4280       MOV              R2, #GPIO_PORTQ ;Seta o bit da 
                                                            porta Q
  143 00000022 F042 0201       ORR              R2, #GPIO_PORTA ;Seta o bit da 
                                                            porta A, fazendo co



ARM Macro Assembler    Page 6 


                                                            m OR
  144 00000026 F042 0202       ORR              R2, #GPIO_PORTB ;Seta o bit da 
                                                            porta B, fazendo co
                                                            m OR
  145 0000002A F442 5200       ORR              R2, #GPIO_PORTP ;Seta o bit da 
                                                            porta P, fazendo co
                                                            m OR
  146 0000002E F441 7180       ORR              R1, #GPIO_PORTJ ;Seta o bit da 
                                                            porta J, fazendo co
                                                            m OR
  147 00000032 4211            TST              R1, R2      ;ANDS de R1 com R2
  148 00000034 D0F2            BEQ              EsperaGPIO  ;Se o flag Z=1, vol
                                                            ta para o laço. Sen
                                                            ão continua executa
                                                            ndo
  149 00000036         
  150 00000036         ;; AMSEL de todos deve ser resetado
  151 00000036 486A            LDR              R0,=GPIO_PORTJ_AHB_AMSEL_R
  152 00000038 6801            LDR              R1,[R0]
  153 0000003A F021 0103       BIC              R1,R1,#0x03 ;J0 J1 resetados
  154 0000003E 6001            STR              R1,[R0]
  155 00000040         
  156 00000040 4868            LDR              R0,=GPIO_PORTQ_AHB_AMSEL_R
  157 00000042 6801            LDR              R1,[R0]
  158 00000044 F021 010F       BIC              R1,R1,#0x0F ;Q0 Q1 Q2 Q3 reseta
                                                            dos
  159 00000048 6001            STR              R1,[R0]
  160 0000004A         
  161 0000004A 4867            LDR              R0,=GPIO_PORTA_AHB_AMSEL_R
  162 0000004C 6801            LDR              R1,[R0]
  163 0000004E F021 01F0       BIC              R1,R1,#0xF0 ;A4 A5 A6 A7 reseta
                                                            dos
  164 00000052 6001            STR              R1,[R0]
  165 00000054         
  166 00000054 4865            LDR              R0,=GPIO_PORTB_AHB_AMSEL_R
  167 00000056 6801            LDR              R1,[R0]
  168 00000058 F021 0130       BIC              R1,R1,#0x30 ;B4 B5 resetados
  169 0000005C 6001            STR              R1,[R0]
  170 0000005E         
  171 0000005E 4864            LDR              R0,=GPIO_PORTP_AHB_AMSEL_R
  172 00000060 6801            LDR              R1,[R0]
  173 00000062 F021 0120       BIC              R1,R1,#0x20 ;P5 resetado
  174 00000066 6001            STR              R1,[R0]
  175 00000068         
  176 00000068         ;;Desativar a funcao alternativa para todos no registrad
                       or PCTL
  177 00000068 4862            LDR              R0,=GPIO_PORTJ_AHB_PCTL_R
  178 0000006A 6801            LDR              R1,[R0]
  179 0000006C F021 01FF       BIC              R1,R1,#0xFF ;;J0 e J1 
  180 00000070 6001            STR              R1,[R0]
  181 00000072         
  182 00000072 4861            LDR              R0,=GPIO_PORTQ_AHB_PCTL_R
  183 00000074 6801            LDR              R1,[R0]
  184 00000076 F64F 72FF       MOV              R2,#0xFFFF
  185 0000007A EA21 0102       BIC              R1,R1,R2    ;;Q0 Q1 Q2 Q3 
  186 0000007E 6001            STR              R1,[R0]
  187 00000080         
  188 00000080 485E            LDR              R0,=GPIO_PORTA_AHB_PCTL_R
  189 00000082 6801            LDR              R1,[R0]



ARM Macro Assembler    Page 7 


  190 00000084 F04F 0200       MOV              R2,#0x0000
  191 00000088 F6CF 72FF       MOVT             R2,#0xFFFF
  192 0000008C EA21 0102       BIC              R1,R1,R2    ;;A4 A5 A6 A7 
  193 00000090 6001            STR              R1,[R0]
  194 00000092         
  195 00000092 485B            LDR              R0,=GPIO_PORTB_AHB_PCTL_R
  196 00000094 6801            LDR              R1,[R0]
  197 00000096 F421 017F       BIC              R1,R1,#0xFF0000 ;;B4 B5
  198 0000009A 6001            STR              R1,[R0]
  199 0000009C         
  200 0000009C 4859            LDR              R0,=GPIO_PORTP_AHB_PCTL_R
  201 0000009E 6801            LDR              R1,[R0]
  202 000000A0 F421 0170       BIC              R1,R1,#0x0F00000 ;;P5 
  203 000000A4 6001            STR              R1,[R0]
  204 000000A6         
  205 000000A6         ;;Setando a direcao dos pinos, J ENTRADA=0 e Q A B M SAÍ
                       DA=1
  206 000000A6 4858            LDR              R0,=GPIO_PORTJ_AHB_DIR_R
  207 000000A8 6801            LDR              R1,[R0]
  208 000000AA F021 0103       BIC              R1,R1,#0x03 ;;J0 J1  ENTRADAS  
                                                             
  209 000000AE 6001            STR              R1,[R0]
  210 000000B0         
  211 000000B0 4856            LDR              R0,=GPIO_PORTQ_AHB_DIR_R
  212 000000B2 6801            LDR              R1,[R0]
  213 000000B4 F041 010F       ORR              R1,#0x0F    ;;Q0 Q1 Q2 Q3 SAIDA
                                                            S
  214 000000B8 6001            STR              R1,[R0]
  215 000000BA         
  216 000000BA 4855            LDR              R0,=GPIO_PORTA_AHB_DIR_R
  217 000000BC 6801            LDR              R1,[R0]
  218 000000BE F041 01F0       ORR              R1,#0xF0    ;;A4 A5 A6 A7  SAID
                                                            AS
  219 000000C2 6001            STR              R1,[R0]
  220 000000C4         
  221 000000C4 4853            LDR              R0,=GPIO_PORTB_AHB_DIR_R
  222 000000C6 6801            LDR              R1,[R0]
  223 000000C8 F041 0130       ORR              R1,#0x30    ;;B4 B5  SAIDAS
  224 000000CC 6001            STR              R1,[R0]
  225 000000CE         
  226 000000CE 4852            LDR              R0,=GPIO_PORTP_AHB_DIR_R
  227 000000D0 6801            LDR              R1,[R0]
  228 000000D2 F041 0120       ORR              R1,#0x20    ;;P5  SAIDA
  229 000000D6 6001            STR              R1,[R0]
  230 000000D8         
  231 000000D8         ;;Retirando a opcao de funcao alternativa de todos os po
                       rts
  232 000000D8 4850            LDR              R0,=GPIO_PORTJ_AHB_AFSEL_R
  233 000000DA 6801            LDR              R1,[R0]
  234 000000DC F021 0103       BIC              R1,R1,#0x03 ;J0 J1 resetados
  235 000000E0 6001            STR              R1,[R0]
  236 000000E2         
  237 000000E2 484F            LDR              R0,=GPIO_PORTQ_AHB_AFSEL_R
  238 000000E4 6801            LDR              R1,[R0]
  239 000000E6 F021 010F       BIC              R1,R1,#0x0F ;Q0 Q1 Q2 Q3 reseta
                                                            dos
  240 000000EA 6001            STR              R1,[R0]
  241 000000EC         
  242 000000EC 484D            LDR              R0,=GPIO_PORTA_AHB_AFSEL_R



ARM Macro Assembler    Page 8 


  243 000000EE 6801            LDR              R1,[R0]
  244 000000F0 F021 01F0       BIC              R1,R1,#0xF0 ;A4 A5 A6 A7 reseta
                                                            dos
  245 000000F4 6001            STR              R1,[R0]
  246 000000F6         
  247 000000F6 484C            LDR              R0,=GPIO_PORTB_AHB_AFSEL_R
  248 000000F8 6801            LDR              R1,[R0]
  249 000000FA F021 0130       BIC              R1,R1,#0x30 ;B4 B5 resetados
  250 000000FE 6001            STR              R1,[R0]
  251 00000100         
  252 00000100 484A            LDR              R0,=GPIO_PORTP_AHB_AFSEL_R
  253 00000102 6801            LDR              R1,[R0]
  254 00000104 F021 0120       BIC              R1,R1,#0x20 ;P5 resetado
  255 00000108 6001            STR              R1,[R0]
  256 0000010A         
  257 0000010A         ;;Todos os ports como entradas e saidas digitais
  258 0000010A 4849            LDR              R0,=GPIO_PORTJ_AHB_DEN_R
  259 0000010C 6801            LDR              R1,[R0]
  260 0000010E F041 0103       ORR              R1,#0x03    ;J0 J1 setados
  261 00000112 6001            STR              R1,[R0]
  262 00000114         
  263 00000114 4847            LDR              R0,=GPIO_PORTQ_AHB_DEN_R
  264 00000116 6801            LDR              R1,[R0]
  265 00000118 F041 010F       ORR              R1,#0x0F    ;Q0 Q1 Q2 Q3 setado
                                                            s
  266 0000011C 6001            STR              R1,[R0]
  267 0000011E         
  268 0000011E 4846            LDR              R0,=GPIO_PORTA_AHB_DEN_R
  269 00000120 6801            LDR              R1,[R0]
  270 00000122 F041 01F0       ORR              R1,#0xF0    ;A4 A5 A6 A7 setado
                                                            s
  271 00000126 6001            STR              R1,[R0]
  272 00000128         
  273 00000128 4844            LDR              R0,=GPIO_PORTB_AHB_DEN_R
  274 0000012A 6801            LDR              R1,[R0]
  275 0000012C F041 0130       ORR              R1,#0x30    ;B4 B5 setados
  276 00000130 6001            STR              R1,[R0]
  277 00000132         
  278 00000132 4843            LDR              R0,=GPIO_PORTP_AHB_DEN_R
  279 00000134 6801            LDR              R1,[R0]
  280 00000136 F041 0120       ORR              R1,#0x20    ;P5 setado
  281 0000013A 6001            STR              R1,[R0]
  282 0000013C         
  283 0000013C         ;;Setando pull up em J0 e J1
  284 0000013C 4841            LDR              R0,=GPIO_PORTJ_AHB_PUR_R
  285 0000013E 6801            LDR              R1,[R0]
  286 00000140 F041 0103       ORR              R1,#0x03
  287 00000144 6001            STR              R1,[R0]
  288 00000146         
  289 00000146 4770            BX               LR
  290 00000148         
  291 00000148         ; ------------------------------------------------------
                       -------------------------
  292 00000148         ; Função PortN_Output
  293 00000148         ; Parâmetro de entrada:R7 = Digito = 0, 1, 2, 3, 4, 5, 6
                       , 7, 8, 9
  294 00000148         ; Parâmetro de saída: Não tem
  295 00000148         PortN_Output
  296 00000148         ; ****************************************



ARM Macro Assembler    Page 9 


  297 00000148         ; Escrever função que acende ou apaga o LED
  298 00000148         ; ****************************************
  299 00000148 B48F            PUSH             {R0,R1,R2,R3,R7} ;Salva os valo
                                                            res dos registrador
                                                            es que estao sendo 
                                                            modificados localme
                                                            nte
  300 0000014A         ;Pega o valor decimal decodificado para display 7 segmen
                       tos do VETOR
  301 0000014A 493F            LDR              R1, =VETOR  ;Pega o endereco do
                                                             inicial do vetor
  302 0000014C 5DC8            LDRB             R0,[R1,R7]  ;armazena em R0 o v
                                                            alor de indice R2 d
                                                            o vetor 
  303 0000014E         
  304 0000014E         
  305 0000014E         Saida_A                              ;A4 A5 A6 A7 e f g 
                                                            PONTO
  306 0000014E 493F            LDR              R1, =GPIO_PORTA_AHB_DATA_R
  307 00000150 680F            LDR              R7, [R1]
  308 00000152 F027 07F0       BIC              R7, R7,#0xF0 ;MASCARA 0XF0 = NI
                                                            BBLE 2
  309 00000156 EA40 0307       ORR              R3, R0, R7  ;Fazer o OR do lido
                                                             pela porta com o p
                                                            arâmetro de entrada
                                                            
  310 0000015A 600B            STR              R3, [R1]
  311 0000015C         
  312 0000015C         Saida_Q                              ;Q0 Q1 Q2 Q3 a b c 
                                                            d
  313 0000015C 493C            LDR              R1, =GPIO_PORTQ_AHB_DATA_R
  314 0000015E 680F            LDR              R7, [R1]
  315 00000160 F027 070F       BIC              R7, R7,#0x0F ;MASCARA = 0X0F =N
                                                            IBBLE1 
  316 00000164 EA40 0307       ORR              R3, R0, R7  ;Fazer o OR do lido
                                                             pela porta com o p
                                                            arâmetro de entrada
                                                            
  317 00000168 600B            STR              R3, [R1]    ;Escreve na porta Q
                                                             o barramento de da
                                                            dos dos pinos Q0 Q1
                                                             Q2 Q3
  318 0000016A         
  319 0000016A BC8F            POP              {R0,R1,R2,R3,R7} ;Restaura os v
                                                            alores dos registra
                                                            dores
  320 0000016C 4770            BX               LR
  321 0000016E         
  322 0000016E         Leds_out
  323 0000016E B48F            PUSH             {R0,R1,R2,R3,R7} ;Salva os valo
                                                            res dos registrador
                                                            es que estao sendo 
                                                            modificados localme
                                                            nte
  324 00000170 4936            LDR              R1,=GPIO_PORTA_AHB_DATA_R
  325 00000172 680F            LDR              R7,[R1]
  326 00000174 F027 07F0       BIC              R7, R7,#0xF0 ;MASCARA 0XF0 = NI
                                                            BBLE 2
  327 00000178 EA40 0307       ORR              R3, R0, R7  ;Fazer o OR do lido



ARM Macro Assembler    Page 10 


                                                             pela porta com o p
                                                            arâmetro de entrada
                                                            
  328 0000017C 600B            STR              R3, [R1]
  329 0000017E 4934            LDR              R1, =GPIO_PORTQ_AHB_DATA_R
  330 00000180 680F            LDR              R7, [R1]
  331 00000182 F027 070F       BIC              R7, R7,#0x0F ;MASCARA = 0X0F =N
                                                            IBBLE1 
  332 00000186 EA40 0307       ORR              R3, R0, R7  ;Fazer o OR do lido
                                                             pela porta com o p
                                                            arâmetro de entrada
                                                            
  333 0000018A 600B            STR              R3, [R1]    ;Escreve na porta Q
                                                             o barramento de da
                                                            dos dos pinos Q0 Q1
                                                             Q2 Q3
  334 0000018C BC8F            POP              {R0,R1,R2,R3,R7} ;Restaura os v
                                                            alores dos registra
                                                            dores
  335 0000018E 4770            BX               LR
  336 00000190         
  337 00000190         ;Ativa o display 1 ou o 2 ou os desativa
  338 00000190         ;Parâmetro de entrada : R0 = 0x10 ativa/desativa o Digit
                       o 1, 0x20 ativa/desativa o Digito 2
  339 00000190         ;Parâmetro de entrada : R5 modo(0 = desativar e 1 = ativ
                       ar)
  340 00000190         ;Parâmetro de saída: Não tem
  341 00000190         
  342 00000190         AtivarDesativar_Display
  343 00000190 B427            PUSH             {R0,R1,R2,R5}
  344 00000192 4930            LDR              R1, = GPIO_PORTB_AHB_DATA_R
  345 00000194 680A            LDR              R2,[R1]
  346 00000196 2D00            CMP              R5,#0       ;Modo desativar sel
                                                            ecionado
  347 00000198         
  348 00000198 D004            BEQ              Desativar
  349 0000019A EA22 0200       BIC              R2, R2, R0  ;MASCARA = 0X10 = M
                                                            4 ou MASCARA = 0X20
                                                             = M5
  350 0000019E EA40 0002       ORR              R0, R0, R2  ;Fazer o OR do lido
                                                             pela porta com o p
                                                            arâmetro de entrada
                                                            
  351 000001A2 E001            B                FINAL
  352 000001A4         Desativar
  353 000001A4 EA22 0000       BIC              R0, R2, R0  ;Desativa o bit sel
                                                            ecionado
  354 000001A8         FINAL
  355 000001A8 6008            STR              R0, [R1]    ;Atualiza a saida
  356 000001AA BC27            POP              {R0,R1,R2,R5}
  357 000001AC 4770            BX               LR
  358 000001AE         
  359 000001AE         ;Ativa ou desativa os LEDs
  360 000001AE         ;Parâmetro de entrada : R0 se R0 =0x20 ativa os LEDs, se
                        R0 = 0x00 desativa os LEDs
  361 000001AE         ;Parâmetro de saída: Não tem
  362 000001AE         AtivarDesativar_Leds
  363 000001AE B407            PUSH             {R0,R1,R2}
  364 000001B0 4929            LDR              R1, = GPIO_PORTP_AHB_DATA_R



ARM Macro Assembler    Page 11 


  365 000001B2 680A            LDR              R2,[R1]
  366 000001B4 F022 0220       BIC              R2, R2,#0x20 ;MASCARA = 0X20 pa
                                                            ra P5
  367 000001B8 EA40 0002       ORR              R0, R0, R2  ;Fazer o OR do lido
                                                             pela porta com o p
                                                            arâmetro de entrada
                                                            
  368 000001BC 6008            STR              R0, [R1]
  369 000001BE BC07            POP              {R0,R1,R2}
  370 000001C0 4770            BX               LR
  371 000001C2         
  372 000001C2         
  373 000001C2         ; ------------------------------------------------------
                       -------------------------
  374 000001C2         ; Função PortJ_Input
  375 000001C2         ; Parâmetro de entrada: Não tem
  376 000001C2         ; Parâmetro de saída: R0 --> o valor da leitura
  377 000001C2         PortJ_Input
  378 000001C2         ; ****************************************
  379 000001C2         ; Escrever função que lê a chave e retorna 
  380 000001C2         ; um registrador se está ativada ou não
  381 000001C2         ; ****************************************
  382 000001C2 B402            PUSH             {R1}
  383 000001C4 4925            LDR              R1,=GPIO_PORTJ_AHB_DATA_R
  384 000001C6 6808            LDR              R0,[R1]
  385 000001C8 BC02            POP              {R1}
  386 000001CA 4770            BX               LR
  387 000001CC         
  388 000001CC         ;   2_00111111 0
  389 000001CC         ; 2_00000110 1
  390 000001CC         ; 2_01011011 2
  391 000001CC         ; 2_01001111 3
  392 000001CC         ; 2_01100110 4
  393 000001CC         ; 2_01101101 5
  394 000001CC         ; 2_01111101 6
  395 000001CC         ; 2_00000111 7
  396 000001CC         ; 2_01111111 8
  397 000001CC         ; 2_01101111 9
  398 000001CC 3F 06 5B 
              4F 66 6D 
              7D 07 7F 
              6F 00    VETOR   DCB              2_00111111,2_00000110,2_0101101
1,2_01001111,2_01100110,2_01101101,2_01111101,2_00000111,2_01111111,2_01101111,
0 
                                                            ;; O 0 indicca o fi
                                                            m da lista
  399 000001D7 00              ALIGN                        ; garante que o fim
                                                             da seção está alin
                                                            hada 
  400 000001D8                 END                          ; fim do arquivo
              400FE608 
              400FEA08 
              40060528 
              40066528 
              40058528 
              40059528 
              40065528 
              4006052C 
              4006652C 



ARM Macro Assembler    Page 12 


              4005852C 
              4005952C 
              4006552C 
              40060400 
              40066400 
              40058400 
              40059400 
              40065400 
              40060420 
              40066420 
              40058420 
              40059420 
              40065420 
              4006051C 
              4006651C 
              4005851C 
              4005951C 
              4006551C 
              40060510 
              00000000 
              400583FC 
              400663FC 
              400593FC 
              400653FC 
              400603FC 
Command Line: --debug --xref --diag_suppress=9931 --cpu=Cortex-M4.fp.sp --depen
d=.\objects\gpio.d -o.\objects\gpio.o -IC:\Users\leona\AppData\Local\Arm\Packs\
Keil\TM4C_DFP\1.1.0\Device\Include\TM4C129 --predefine="__EVAL SETA 1" --predef
ine="__UVISION_VERSION SETA 537" --predefine="TM4C1294NCPDT SETA 1" --list=.\li
stings\gpio.lst gpio.s



ARM Macro Assembler    Page 1 Alphabetic symbol ordering
Relocatable symbols

.text 00000000

Symbol: .text
   Definitions
      At line 107 in file gpio.s
   Uses
      None
Comment: .text unused
AtivarDesativar_Display 00000190

Symbol: AtivarDesativar_Display
   Definitions
      At line 342 in file gpio.s
   Uses
      At line 113 in file gpio.s
Comment: AtivarDesativar_Display used once
AtivarDesativar_Leds 000001AE

Symbol: AtivarDesativar_Leds
   Definitions
      At line 362 in file gpio.s
   Uses
      At line 114 in file gpio.s
Comment: AtivarDesativar_Leds used once
Desativar 000001A4

Symbol: Desativar
   Definitions
      At line 352 in file gpio.s
   Uses
      At line 348 in file gpio.s
Comment: Desativar used once
EsperaGPIO 0000001C

Symbol: EsperaGPIO
   Definitions
      At line 140 in file gpio.s
   Uses
      At line 148 in file gpio.s
Comment: EsperaGPIO used once
FINAL 000001A8

Symbol: FINAL
   Definitions
      At line 354 in file gpio.s
   Uses
      At line 351 in file gpio.s
Comment: FINAL used once
GPIO_Init 00000000

Symbol: GPIO_Init
   Definitions
      At line 120 in file gpio.s
   Uses
      At line 110 in file gpio.s
Comment: GPIO_Init used once
Leds_out 0000016E

Symbol: Leds_out



ARM Macro Assembler    Page 2 Alphabetic symbol ordering
Relocatable symbols

   Definitions
      At line 322 in file gpio.s
   Uses
      At line 115 in file gpio.s
Comment: Leds_out used once
PortJ_Input 000001C2

Symbol: PortJ_Input
   Definitions
      At line 377 in file gpio.s
   Uses
      At line 112 in file gpio.s
Comment: PortJ_Input used once
PortN_Output 00000148

Symbol: PortN_Output
   Definitions
      At line 295 in file gpio.s
   Uses
      At line 111 in file gpio.s
Comment: PortN_Output used once
Saida_A 0000014E

Symbol: Saida_A
   Definitions
      At line 305 in file gpio.s
   Uses
      None
Comment: Saida_A unused
Saida_Q 0000015C

Symbol: Saida_Q
   Definitions
      At line 312 in file gpio.s
   Uses
      None
Comment: Saida_Q unused
VETOR 000001CC

Symbol: VETOR
   Definitions
      At line 398 in file gpio.s
   Uses
      At line 301 in file gpio.s
Comment: VETOR used once
13 symbols



ARM Macro Assembler    Page 1 Alphabetic symbol ordering
Absolute symbols

GPIO_PORTA 00000001

Symbol: GPIO_PORTA
   Definitions
      At line 33 in file gpio.s
   Uses
      At line 133 in file gpio.s
      At line 143 in file gpio.s

GPIO_PORTA_AHB_AFSEL_R 40058420

Symbol: GPIO_PORTA_AHB_AFSEL_R
   Definitions
      At line 29 in file gpio.s
   Uses
      At line 242 in file gpio.s
Comment: GPIO_PORTA_AHB_AFSEL_R used once
GPIO_PORTA_AHB_AMSEL_R 40058528

Symbol: GPIO_PORTA_AHB_AMSEL_R
   Definitions
      At line 26 in file gpio.s
   Uses
      At line 161 in file gpio.s
Comment: GPIO_PORTA_AHB_AMSEL_R used once
GPIO_PORTA_AHB_CR_R 40058524

Symbol: GPIO_PORTA_AHB_CR_R
   Definitions
      At line 25 in file gpio.s
   Uses
      None
Comment: GPIO_PORTA_AHB_CR_R unused
GPIO_PORTA_AHB_DATA_R 400583FC

Symbol: GPIO_PORTA_AHB_DATA_R
   Definitions
      At line 32 in file gpio.s
   Uses
      At line 306 in file gpio.s
      At line 324 in file gpio.s

GPIO_PORTA_AHB_DEN_R 4005851C

Symbol: GPIO_PORTA_AHB_DEN_R
   Definitions
      At line 30 in file gpio.s
   Uses
      At line 268 in file gpio.s
Comment: GPIO_PORTA_AHB_DEN_R used once
GPIO_PORTA_AHB_DIR_R 40058400

Symbol: GPIO_PORTA_AHB_DIR_R
   Definitions
      At line 28 in file gpio.s
   Uses
      At line 216 in file gpio.s
Comment: GPIO_PORTA_AHB_DIR_R used once
GPIO_PORTA_AHB_LOCK_R 40058520



ARM Macro Assembler    Page 2 Alphabetic symbol ordering
Absolute symbols


Symbol: GPIO_PORTA_AHB_LOCK_R
   Definitions
      At line 24 in file gpio.s
   Uses
      None
Comment: GPIO_PORTA_AHB_LOCK_R unused
GPIO_PORTA_AHB_PCTL_R 4005852C

Symbol: GPIO_PORTA_AHB_PCTL_R
   Definitions
      At line 27 in file gpio.s
   Uses
      At line 188 in file gpio.s
Comment: GPIO_PORTA_AHB_PCTL_R used once
GPIO_PORTA_AHB_PUR_R 40058510

Symbol: GPIO_PORTA_AHB_PUR_R
   Definitions
      At line 31 in file gpio.s
   Uses
      None
Comment: GPIO_PORTA_AHB_PUR_R unused
GPIO_PORTB 00000002

Symbol: GPIO_PORTB
   Definitions
      At line 44 in file gpio.s
   Uses
      At line 134 in file gpio.s
      At line 144 in file gpio.s

GPIO_PORTB_AHB_AFSEL_R 40059420

Symbol: GPIO_PORTB_AHB_AFSEL_R
   Definitions
      At line 40 in file gpio.s
   Uses
      At line 247 in file gpio.s
Comment: GPIO_PORTB_AHB_AFSEL_R used once
GPIO_PORTB_AHB_AMSEL_R 40059528

Symbol: GPIO_PORTB_AHB_AMSEL_R
   Definitions
      At line 37 in file gpio.s
   Uses
      At line 166 in file gpio.s
Comment: GPIO_PORTB_AHB_AMSEL_R used once
GPIO_PORTB_AHB_CR_R 40059524

Symbol: GPIO_PORTB_AHB_CR_R
   Definitions
      At line 36 in file gpio.s
   Uses
      None
Comment: GPIO_PORTB_AHB_CR_R unused
GPIO_PORTB_AHB_DATA_R 400593FC

Symbol: GPIO_PORTB_AHB_DATA_R



ARM Macro Assembler    Page 3 Alphabetic symbol ordering
Absolute symbols

   Definitions
      At line 43 in file gpio.s
   Uses
      At line 344 in file gpio.s
Comment: GPIO_PORTB_AHB_DATA_R used once
GPIO_PORTB_AHB_DEN_R 4005951C

Symbol: GPIO_PORTB_AHB_DEN_R
   Definitions
      At line 41 in file gpio.s
   Uses
      At line 273 in file gpio.s
Comment: GPIO_PORTB_AHB_DEN_R used once
GPIO_PORTB_AHB_DIR_R 40059400

Symbol: GPIO_PORTB_AHB_DIR_R
   Definitions
      At line 39 in file gpio.s
   Uses
      At line 221 in file gpio.s
Comment: GPIO_PORTB_AHB_DIR_R used once
GPIO_PORTB_AHB_LOCK_R 40059520

Symbol: GPIO_PORTB_AHB_LOCK_R
   Definitions
      At line 35 in file gpio.s
   Uses
      None
Comment: GPIO_PORTB_AHB_LOCK_R unused
GPIO_PORTB_AHB_PCTL_R 4005952C

Symbol: GPIO_PORTB_AHB_PCTL_R
   Definitions
      At line 38 in file gpio.s
   Uses
      At line 195 in file gpio.s
Comment: GPIO_PORTB_AHB_PCTL_R used once
GPIO_PORTB_AHB_PUR_R 40059510

Symbol: GPIO_PORTB_AHB_PUR_R
   Definitions
      At line 42 in file gpio.s
   Uses
      None
Comment: GPIO_PORTB_AHB_PUR_R unused
GPIO_PORTJ 00000100

Symbol: GPIO_PORTJ
   Definitions
      At line 66 in file gpio.s
   Uses
      At line 136 in file gpio.s
      At line 146 in file gpio.s

GPIO_PORTJ_AHB_AFSEL_R 40060420

Symbol: GPIO_PORTJ_AHB_AFSEL_R
   Definitions
      At line 62 in file gpio.s



ARM Macro Assembler    Page 4 Alphabetic symbol ordering
Absolute symbols

   Uses
      At line 232 in file gpio.s
Comment: GPIO_PORTJ_AHB_AFSEL_R used once
GPIO_PORTJ_AHB_AMSEL_R 40060528

Symbol: GPIO_PORTJ_AHB_AMSEL_R
   Definitions
      At line 59 in file gpio.s
   Uses
      At line 151 in file gpio.s
Comment: GPIO_PORTJ_AHB_AMSEL_R used once
GPIO_PORTJ_AHB_CR_R 40060524

Symbol: GPIO_PORTJ_AHB_CR_R
   Definitions
      At line 58 in file gpio.s
   Uses
      None
Comment: GPIO_PORTJ_AHB_CR_R unused
GPIO_PORTJ_AHB_DATA_R 400603FC

Symbol: GPIO_PORTJ_AHB_DATA_R
   Definitions
      At line 65 in file gpio.s
   Uses
      At line 383 in file gpio.s
Comment: GPIO_PORTJ_AHB_DATA_R used once
GPIO_PORTJ_AHB_DEN_R 4006051C

Symbol: GPIO_PORTJ_AHB_DEN_R
   Definitions
      At line 63 in file gpio.s
   Uses
      At line 258 in file gpio.s
Comment: GPIO_PORTJ_AHB_DEN_R used once
GPIO_PORTJ_AHB_DIR_R 40060400

Symbol: GPIO_PORTJ_AHB_DIR_R
   Definitions
      At line 61 in file gpio.s
   Uses
      At line 206 in file gpio.s
Comment: GPIO_PORTJ_AHB_DIR_R used once
GPIO_PORTJ_AHB_LOCK_R 40060520

Symbol: GPIO_PORTJ_AHB_LOCK_R
   Definitions
      At line 57 in file gpio.s
   Uses
      None
Comment: GPIO_PORTJ_AHB_LOCK_R unused
GPIO_PORTJ_AHB_PCTL_R 4006052C

Symbol: GPIO_PORTJ_AHB_PCTL_R
   Definitions
      At line 60 in file gpio.s
   Uses
      At line 177 in file gpio.s
Comment: GPIO_PORTJ_AHB_PCTL_R used once



ARM Macro Assembler    Page 5 Alphabetic symbol ordering
Absolute symbols

GPIO_PORTJ_AHB_PUR_R 40060510

Symbol: GPIO_PORTJ_AHB_PUR_R
   Definitions
      At line 64 in file gpio.s
   Uses
      At line 284 in file gpio.s
Comment: GPIO_PORTJ_AHB_PUR_R used once
GPIO_PORTP 00002000

Symbol: GPIO_PORTP
   Definitions
      At line 55 in file gpio.s
   Uses
      At line 135 in file gpio.s
      At line 145 in file gpio.s

GPIO_PORTP_AHB_AFSEL_R 40065420

Symbol: GPIO_PORTP_AHB_AFSEL_R
   Definitions
      At line 51 in file gpio.s
   Uses
      At line 252 in file gpio.s
Comment: GPIO_PORTP_AHB_AFSEL_R used once
GPIO_PORTP_AHB_AMSEL_R 40065528

Symbol: GPIO_PORTP_AHB_AMSEL_R
   Definitions
      At line 48 in file gpio.s
   Uses
      At line 171 in file gpio.s
Comment: GPIO_PORTP_AHB_AMSEL_R used once
GPIO_PORTP_AHB_CR_R 40065524

Symbol: GPIO_PORTP_AHB_CR_R
   Definitions
      At line 47 in file gpio.s
   Uses
      None
Comment: GPIO_PORTP_AHB_CR_R unused
GPIO_PORTP_AHB_DATA_R 400653FC

Symbol: GPIO_PORTP_AHB_DATA_R
   Definitions
      At line 54 in file gpio.s
   Uses
      At line 364 in file gpio.s
Comment: GPIO_PORTP_AHB_DATA_R used once
GPIO_PORTP_AHB_DEN_R 4006551C

Symbol: GPIO_PORTP_AHB_DEN_R
   Definitions
      At line 52 in file gpio.s
   Uses
      At line 278 in file gpio.s
Comment: GPIO_PORTP_AHB_DEN_R used once
GPIO_PORTP_AHB_DIR_R 40065400




ARM Macro Assembler    Page 6 Alphabetic symbol ordering
Absolute symbols

Symbol: GPIO_PORTP_AHB_DIR_R
   Definitions
      At line 50 in file gpio.s
   Uses
      At line 226 in file gpio.s
Comment: GPIO_PORTP_AHB_DIR_R used once
GPIO_PORTP_AHB_LOCK_R 40065520

Symbol: GPIO_PORTP_AHB_LOCK_R
   Definitions
      At line 46 in file gpio.s
   Uses
      None
Comment: GPIO_PORTP_AHB_LOCK_R unused
GPIO_PORTP_AHB_PCTL_R 4006552C

Symbol: GPIO_PORTP_AHB_PCTL_R
   Definitions
      At line 49 in file gpio.s
   Uses
      At line 200 in file gpio.s
Comment: GPIO_PORTP_AHB_PCTL_R used once
GPIO_PORTP_AHB_PUR_R 40065510

Symbol: GPIO_PORTP_AHB_PUR_R
   Definitions
      At line 53 in file gpio.s
   Uses
      None
Comment: GPIO_PORTP_AHB_PUR_R unused
GPIO_PORTQ 00004000

Symbol: GPIO_PORTQ
   Definitions
      At line 22 in file gpio.s
   Uses
      At line 132 in file gpio.s
      At line 142 in file gpio.s

GPIO_PORTQ_AHB_AFSEL_R 40066420

Symbol: GPIO_PORTQ_AHB_AFSEL_R
   Definitions
      At line 18 in file gpio.s
   Uses
      At line 237 in file gpio.s
Comment: GPIO_PORTQ_AHB_AFSEL_R used once
GPIO_PORTQ_AHB_AMSEL_R 40066528

Symbol: GPIO_PORTQ_AHB_AMSEL_R
   Definitions
      At line 15 in file gpio.s
   Uses
      At line 156 in file gpio.s
Comment: GPIO_PORTQ_AHB_AMSEL_R used once
GPIO_PORTQ_AHB_CR_R 40066524

Symbol: GPIO_PORTQ_AHB_CR_R
   Definitions



ARM Macro Assembler    Page 7 Alphabetic symbol ordering
Absolute symbols

      At line 14 in file gpio.s
   Uses
      None
Comment: GPIO_PORTQ_AHB_CR_R unused
GPIO_PORTQ_AHB_DATA_R 400663FC

Symbol: GPIO_PORTQ_AHB_DATA_R
   Definitions
      At line 21 in file gpio.s
   Uses
      At line 313 in file gpio.s
      At line 329 in file gpio.s

GPIO_PORTQ_AHB_DEN_R 4006651C

Symbol: GPIO_PORTQ_AHB_DEN_R
   Definitions
      At line 19 in file gpio.s
   Uses
      At line 263 in file gpio.s
Comment: GPIO_PORTQ_AHB_DEN_R used once
GPIO_PORTQ_AHB_DIR_R 40066400

Symbol: GPIO_PORTQ_AHB_DIR_R
   Definitions
      At line 17 in file gpio.s
   Uses
      At line 211 in file gpio.s
Comment: GPIO_PORTQ_AHB_DIR_R used once
GPIO_PORTQ_AHB_LOCK_R 40066520

Symbol: GPIO_PORTQ_AHB_LOCK_R
   Definitions
      At line 13 in file gpio.s
   Uses
      None
Comment: GPIO_PORTQ_AHB_LOCK_R unused
GPIO_PORTQ_AHB_PCTL_R 4006652C

Symbol: GPIO_PORTQ_AHB_PCTL_R
   Definitions
      At line 16 in file gpio.s
   Uses
      At line 182 in file gpio.s
Comment: GPIO_PORTQ_AHB_PCTL_R used once
GPIO_PORTQ_AHB_PUR_R 40066510

Symbol: GPIO_PORTQ_AHB_PUR_R
   Definitions
      At line 20 in file gpio.s
   Uses
      None
Comment: GPIO_PORTQ_AHB_PUR_R unused
SYSCTL_PRGPIO_R 400FEA08

Symbol: SYSCTL_PRGPIO_R
   Definitions
      At line 9 in file gpio.s
   Uses



ARM Macro Assembler    Page 8 Alphabetic symbol ordering
Absolute symbols

      At line 139 in file gpio.s
Comment: SYSCTL_PRGPIO_R used once
SYSCTL_RCGCGPIO_R 400FE608

Symbol: SYSCTL_RCGCGPIO_R
   Definitions
      At line 8 in file gpio.s
   Uses
      At line 130 in file gpio.s
Comment: SYSCTL_RCGCGPIO_R used once
52 symbols
401 symbols in table
